TN:
SF:src/entity/customer.ts
FN:4,<instance_members_initializer>
FN:10,Customer
FN:16,validate
FN:21,changeName
FN:26,activate
FN:33,deactivate
FN:37,isActive
FN:41,get name
FN:45,set Address
FNF:9
FNH:9
FNDA:8,<instance_members_initializer>
FNDA:8,Customer
FNDA:10,validate
FNDA:2,changeName
FNDA:3,activate
FNDA:1,deactivate
FNDA:3,isActive
FNDA:1,get name
FNDA:2,set Address
DA:1,1
DA:2,1
DA:3,1
DA:4,1
DA:5,8
DA:6,8
DA:7,8
DA:8,8
DA:9,8
DA:10,8
DA:11,8
DA:12,8
DA:13,8
DA:14,8
DA:15,8
DA:16,8
DA:17,10
DA:18,10
DA:19,10
DA:20,8
DA:21,8
DA:22,2
DA:23,2
DA:24,2
DA:25,8
DA:26,8
DA:27,3
DA:28,3
DA:29,2
DA:30,2
DA:31,2
DA:32,8
DA:33,8
DA:34,1
DA:35,1
DA:36,8
DA:37,8
DA:38,3
DA:39,3
DA:40,8
DA:41,8
DA:42,1
DA:43,1
DA:44,8
DA:45,8
DA:46,2
DA:47,2
DA:48,8
LF:48
LH:48
BRDA:4,0,0,8
BRDA:10,1,0,8
BRDA:16,2,0,10
BRDA:17,3,0,9
BRDA:17,4,0,1
BRDA:17,5,0,9
BRDA:18,6,0,7
BRDA:18,7,0,2
BRDA:21,8,0,2
BRDA:26,9,0,3
BRDA:27,10,0,2
BRDA:28,11,0,1
BRDA:28,12,0,2
BRDA:33,13,0,1
BRDA:37,14,0,3
BRDA:41,15,0,1
BRDA:45,16,0,2
BRF:17
BRH:17
end_of_record
TN:
SF:src/entity/VOs/address.ts
FN:1,<instance_members_initializer>
FN:8,Address
FN:17,validate
FN:24,toString
FNF:4
FNH:4
FNDA:7,<instance_members_initializer>
FNDA:7,Address
FNDA:7,validate
FNDA:1,toString
DA:1,1
DA:2,7
DA:3,7
DA:4,7
DA:5,7
DA:6,7
DA:7,7
DA:8,7
DA:9,7
DA:10,7
DA:11,7
DA:12,7
DA:13,7
DA:14,7
DA:15,7
DA:16,7
DA:17,7
DA:18,7
DA:19,7
DA:20,7
DA:21,7
DA:22,7
DA:23,7
DA:24,7
DA:25,1
DA:26,1
DA:27,7
DA:28,7
LF:28
LH:28
BRDA:1,0,0,7
BRDA:8,1,0,7
BRDA:17,2,0,7
BRDA:18,3,0,6
BRDA:18,4,0,1
BRDA:18,5,0,6
BRDA:19,6,0,5
BRDA:19,7,0,1
BRDA:19,8,0,5
BRDA:20,9,0,4
BRDA:20,10,0,1
BRDA:20,11,0,4
BRDA:21,12,0,3
BRDA:21,13,0,1
BRDA:24,14,0,1
BRF:15
BRH:15
end_of_record
