TN:
SF:src/entity/customer.ts
FN:4,<instance_members_initializer>
FN:10,Customer
FN:16,validate
FN:21,changeName
FN:26,activate
FN:33,deactivate
FN:37,isActive
FN:41,get name
FN:45,get id
FN:49,set Address
FNF:10
FNH:10
FNDA:10,<instance_members_initializer>
FNDA:10,Customer
FNDA:12,validate
FNDA:2,changeName
FNDA:3,activate
FNDA:1,deactivate
FNDA:3,isActive
FNDA:1,get name
FNDA:2,get id
FNDA:2,set Address
DA:1,1
DA:2,1
DA:3,1
DA:4,1
DA:5,10
DA:6,10
DA:7,10
DA:8,10
DA:9,10
DA:10,10
DA:11,10
DA:12,10
DA:13,10
DA:14,10
DA:15,10
DA:16,10
DA:17,12
DA:18,12
DA:19,12
DA:20,10
DA:21,10
DA:22,2
DA:23,2
DA:24,2
DA:25,10
DA:26,10
DA:27,3
DA:28,3
DA:29,2
DA:30,2
DA:31,2
DA:32,10
DA:33,10
DA:34,1
DA:35,1
DA:36,10
DA:37,10
DA:38,3
DA:39,3
DA:40,10
DA:41,10
DA:42,1
DA:43,1
DA:44,10
DA:45,10
DA:46,2
DA:47,2
DA:48,10
DA:49,10
DA:50,2
DA:51,2
DA:52,10
LF:52
LH:52
BRDA:4,0,0,10
BRDA:10,1,0,10
BRDA:16,2,0,12
BRDA:17,3,0,11
BRDA:17,4,0,1
BRDA:17,5,0,11
BRDA:18,6,0,9
BRDA:18,7,0,2
BRDA:21,8,0,2
BRDA:26,9,0,3
BRDA:27,10,0,2
BRDA:28,11,0,1
BRDA:28,12,0,2
BRDA:33,13,0,1
BRDA:37,14,0,3
BRDA:41,15,0,1
BRDA:45,16,0,2
BRDA:49,17,0,2
BRF:18
BRH:18
end_of_record
TN:
SF:src/entity/order.ts
FN:3,<instance_members_initializer>
FN:9,Order
FN:17,validate
FN:23,total
FNF:4
FNH:4
FNDA:4,<instance_members_initializer>
FNDA:4,Order
FNDA:4,validate
FNDA:5,total
DA:1,1
DA:2,1
DA:3,1
DA:4,4
DA:5,4
DA:6,4
DA:7,4
DA:8,4
DA:9,4
DA:10,4
DA:11,4
DA:12,4
DA:13,4
DA:14,4
DA:15,4
DA:16,4
DA:17,4
DA:18,4
DA:19,4
DA:20,4
DA:21,4
DA:22,4
DA:23,4
DA:24,5
DA:25,5
DA:26,4
DA:27,4
LF:27
LH:27
BRDA:3,0,0,4
BRDA:9,1,0,4
BRDA:17,2,0,4
BRDA:18,3,0,3
BRDA:18,4,0,1
BRDA:18,5,0,3
BRDA:19,6,0,2
BRDA:19,7,0,1
BRDA:19,8,0,2
BRDA:20,9,0,1
BRDA:23,10,0,5
BRDA:24,11,0,6
BRF:12
BRH:12
end_of_record
TN:
SF:src/entity/product.ts
FN:1,<instance_members_initializer>
FN:7,Product
FN:14,validate
FN:20,changeName
FN:25,changePrice
FN:30,get id
FN:34,get name
FN:38,get price
FNF:8
FNH:8
FNDA:8,<instance_members_initializer>
FNDA:8,Product
FNDA:12,validate
FNDA:2,changeName
FNDA:2,changePrice
FNDA:1,get id
FNDA:1,get name
FNDA:1,get price
DA:1,1
DA:2,8
DA:3,8
DA:4,8
DA:5,8
DA:6,8
DA:7,8
DA:8,8
DA:9,8
DA:10,8
DA:11,8
DA:12,8
DA:13,8
DA:14,8
DA:15,12
DA:16,12
DA:17,12
DA:18,12
DA:19,8
DA:20,8
DA:21,2
DA:22,2
DA:23,2
DA:24,8
DA:25,8
DA:26,2
DA:27,2
DA:28,2
DA:29,8
DA:30,8
DA:31,1
DA:32,1
DA:33,8
DA:34,8
DA:35,1
DA:36,1
DA:37,8
DA:38,8
DA:39,1
DA:40,1
DA:41,8
LF:41
LH:41
BRDA:1,0,0,8
BRDA:7,1,0,8
BRDA:14,2,0,12
BRDA:15,3,0,11
BRDA:15,4,0,1
BRDA:15,5,0,11
BRDA:16,6,0,9
BRDA:16,7,0,2
BRDA:16,8,0,9
BRDA:17,9,0,2
BRDA:20,10,0,2
BRDA:25,11,0,2
BRDA:30,12,0,1
BRDA:34,13,0,1
BRDA:38,14,0,1
BRF:15
BRH:15
end_of_record
TN:
SF:src/entity/VOs/address.ts
FN:1,<instance_members_initializer>
FN:8,Address
FN:17,validate
FN:24,toString
FNF:4
FNH:4
FNDA:7,<instance_members_initializer>
FNDA:7,Address
FNDA:7,validate
FNDA:1,toString
DA:1,1
DA:2,7
DA:3,7
DA:4,7
DA:5,7
DA:6,7
DA:7,7
DA:8,7
DA:9,7
DA:10,7
DA:11,7
DA:12,7
DA:13,7
DA:14,7
DA:15,7
DA:16,7
DA:17,7
DA:18,7
DA:19,7
DA:20,7
DA:21,7
DA:22,7
DA:23,7
DA:24,7
DA:25,1
DA:26,1
DA:27,7
DA:28,7
LF:28
LH:28
BRDA:1,0,0,7
BRDA:8,1,0,7
BRDA:17,2,0,7
BRDA:18,3,0,6
BRDA:18,4,0,1
BRDA:18,5,0,6
BRDA:19,6,0,5
BRDA:19,7,0,1
BRDA:19,8,0,5
BRDA:20,9,0,4
BRDA:20,10,0,1
BRDA:20,11,0,4
BRDA:21,12,0,3
BRDA:21,13,0,1
BRDA:24,14,0,1
BRF:15
BRH:15
end_of_record
TN:
SF:src/entity/VOs/orderItem.ts
FN:1,<instance_members_initializer>
FN:9,OrderItem
FN:19,validate
FN:27,get price
FN:31,orderItemTotal
FNF:5
FNH:5
FNDA:9,<instance_members_initializer>
FNDA:9,OrderItem
FNDA:9,validate
FNDA:1,get price
FNDA:6,orderItemTotal
DA:1,1
DA:2,9
DA:3,9
DA:4,9
DA:5,9
DA:6,9
DA:7,9
DA:8,9
DA:9,9
DA:10,9
DA:11,9
DA:12,9
DA:13,9
DA:14,9
DA:15,9
DA:16,9
DA:17,9
DA:18,9
DA:19,9
DA:20,9
DA:21,9
DA:22,9
DA:23,9
DA:24,9
DA:25,9
DA:26,9
DA:27,9
DA:28,1
DA:29,1
DA:30,9
DA:31,9
DA:32,6
DA:33,6
DA:34,9
LF:34
LH:34
BRDA:1,0,0,9
BRDA:9,1,0,9
BRDA:19,2,0,9
BRDA:20,3,0,8
BRDA:20,4,0,1
BRDA:20,5,0,8
BRDA:21,6,0,7
BRDA:21,7,0,1
BRDA:21,8,0,7
BRDA:22,9,0,6
BRDA:22,10,0,1
BRDA:22,11,0,6
BRDA:23,12,0,1
BRDA:23,13,0,5
BRDA:24,14,0,4
BRDA:24,15,0,1
BRDA:27,16,0,1
BRDA:31,17,0,6
BRF:18
BRH:18
end_of_record
